Connecting to database specified by database.yml
Compiled gmaps4rails/gmaps4rails.base.js  (429ms)  (pid 9184)
Compiled gmaps4rails/gmaps4rails.bing.js  (226ms)  (pid 9184)
Compiled gmaps4rails/gmaps4rails.googlemaps.js  (352ms)  (pid 9184)
Compiled gmaps4rails/gmaps4rails.mapquest.js  (225ms)  (pid 9184)
Compiled gmaps4rails/gmaps4rails.openlayers.js  (312ms)  (pid 9184)
Compiled jquery.js  (3ms)  (pid 9184)
Compiled jquery_ujs.js  (0ms)  (pid 9184)
Compiled bootstrap/affix.js  (0ms)  (pid 9184)
Compiled bootstrap/alert.js  (0ms)  (pid 9184)
Compiled bootstrap/button.js  (0ms)  (pid 9184)
Compiled bootstrap/carousel.js  (0ms)  (pid 9184)
Compiled bootstrap/collapse.js  (0ms)  (pid 9184)
Compiled bootstrap/dropdown.js  (0ms)  (pid 9184)
Compiled bootstrap/tab.js  (0ms)  (pid 9184)
Compiled bootstrap/transition.js  (0ms)  (pid 9184)
Compiled bootstrap/scrollspy.js  (0ms)  (pid 9184)
Compiled bootstrap/modal.js  (0ms)  (pid 9184)
Compiled bootstrap/tooltip.js  (0ms)  (pid 9184)
Compiled bootstrap/popover.js  (0ms)  (pid 9184)
Compiled bootstrap.js  (79ms)  (pid 9184)
Compiled libs/basics.js  (173ms)  (pid 9184)
Compiled libs/libs.js  (181ms)  (pid 9184)
Compiled admin.js  (150ms)  (pid 9184)
Compiled flatui-checkbox.js  (0ms)  (pid 9184)
Compiled flatui-radio.js  (0ms)  (pid 9184)
Compiled home.js  (208ms)  (pid 9184)
Compiled html5shiv.js  (1ms)  (pid 9184)
Compiled individual.js  (246ms)  (pid 9184)
Compiled individual_types.js  (159ms)  (pid 9184)
Compiled modernizr.custom.79639.js  (0ms)  (pid 9184)
Compiled retina.js  (0ms)  (pid 9184)
Compiled setlanguage.js  (227ms)  (pid 9184)
Compiled traductions.js  (159ms)  (pid 9184)
Compiled application.js  (3050ms)  (pid 9184)
Compiled bootstrap.css  (2931ms)  (pid 9184)
Compiled admin.css  (3ms)  (pid 9184)
Compiled bootstrap_extend.css  (2ms)  (pid 9184)
Compiled flat-ui.css  (0ms)  (pid 9184)
Compiled gmaps4rails.css  (0ms)  (pid 9184)
Compiled home.css  (2ms)  (pid 9184)
Compiled individual.css  (5ms)  (pid 9184)
Compiled individual_types.css  (2ms)  (pid 9184)
Compiled layout.css  (4ms)  (pid 9184)
Compiled main.css  (0ms)  (pid 9184)
Compiled media-slideshow.css  (0ms)  (pid 9184)
Compiled pricing-table-global.css  (0ms)  (pid 9184)
Compiled revolution.css  (0ms)  (pid 9184)
Compiled setlanguage.css  (2ms)  (pid 9184)
Compiled traductions.css  (3ms)  (pid 9184)
Compiled application.css  (3041ms)  (pid 9184)
Compiled gmaps4rails/gmaps4rails.base.js  (405ms)  (pid 9249)
Compiled gmaps4rails/gmaps4rails.bing.js  (221ms)  (pid 9249)
Compiled gmaps4rails/gmaps4rails.googlemaps.js  (391ms)  (pid 9249)
Compiled gmaps4rails/gmaps4rails.mapquest.js  (209ms)  (pid 9249)
Compiled gmaps4rails/gmaps4rails.openlayers.js  (394ms)  (pid 9249)
Compiled jquery.js  (2ms)  (pid 9249)
Compiled jquery_ujs.js  (0ms)  (pid 9249)
Compiled bootstrap/affix.js  (0ms)  (pid 9249)
Compiled bootstrap/alert.js  (0ms)  (pid 9249)
Compiled bootstrap/button.js  (0ms)  (pid 9249)
Compiled bootstrap/carousel.js  (0ms)  (pid 9249)
Compiled bootstrap/collapse.js  (0ms)  (pid 9249)
Compiled bootstrap/dropdown.js  (0ms)  (pid 9249)
Compiled bootstrap/tab.js  (0ms)  (pid 9249)
Compiled bootstrap/transition.js  (1ms)  (pid 9249)
Compiled bootstrap/scrollspy.js  (0ms)  (pid 9249)
Compiled bootstrap/modal.js  (0ms)  (pid 9249)
Compiled bootstrap/tooltip.js  (0ms)  (pid 9249)
Compiled bootstrap/popover.js  (0ms)  (pid 9249)
Compiled bootstrap.js  (141ms)  (pid 9249)
Compiled libs/basics.js  (170ms)  (pid 9249)
Compiled libs/libs.js  (178ms)  (pid 9249)
Compiled admin.js  (152ms)  (pid 9249)
Compiled flatui-checkbox.js  (0ms)  (pid 9249)
Compiled flatui-radio.js  (0ms)  (pid 9249)
Compiled home.js  (246ms)  (pid 9249)
Compiled html5shiv.js  (0ms)  (pid 9249)
Compiled individual.js  (201ms)  (pid 9249)
Compiled individual_types.js  (143ms)  (pid 9249)
Compiled modernizr.custom.79639.js  (0ms)  (pid 9249)
Compiled retina.js  (0ms)  (pid 9249)
Compiled setlanguage.js  (195ms)  (pid 9249)
Compiled traductions.js  (215ms)  (pid 9249)
Compiled application.js  (3060ms)  (pid 9249)
Compiled bootstrap.css  (3164ms)  (pid 9249)
Compiled admin.css  (3ms)  (pid 9249)
Compiled bootstrap_extend.css  (2ms)  (pid 9249)
Compiled flat-ui.css  (1ms)  (pid 9249)
Compiled gmaps4rails.css  (0ms)  (pid 9249)
Compiled home.css  (2ms)  (pid 9249)
Compiled individual.css  (3ms)  (pid 9249)
Compiled individual_types.css  (2ms)  (pid 9249)
Compiled layout.css  (5ms)  (pid 9249)
Compiled main.css  (0ms)  (pid 9249)
Compiled media-slideshow.css  (0ms)  (pid 9249)
Compiled pricing-table-global.css  (0ms)  (pid 9249)
Compiled revolution.css  (0ms)  (pid 9249)
Compiled setlanguage.css  (2ms)  (pid 9249)
Compiled traductions.css  (3ms)  (pid 9249)
Compiled application.css  (3314ms)  (pid 9249)
Compiled gmaps4rails/gmaps4rails.base.js  (446ms)  (pid 9300)
Compiled gmaps4rails/gmaps4rails.bing.js  (322ms)  (pid 9300)
Compiled gmaps4rails/gmaps4rails.googlemaps.js  (507ms)  (pid 9300)
Compiled gmaps4rails/gmaps4rails.mapquest.js  (337ms)  (pid 9300)
Compiled gmaps4rails/gmaps4rails.openlayers.js  (415ms)  (pid 9300)
Compiled jquery.js  (3ms)  (pid 9300)
Compiled jquery_ujs.js  (0ms)  (pid 9300)
Compiled bootstrap/affix.js  (0ms)  (pid 9300)
Compiled bootstrap/alert.js  (0ms)  (pid 9300)
Compiled bootstrap/button.js  (0ms)  (pid 9300)
Compiled bootstrap/carousel.js  (0ms)  (pid 9300)
Compiled bootstrap/collapse.js  (0ms)  (pid 9300)
Compiled bootstrap/dropdown.js  (0ms)  (pid 9300)
Compiled bootstrap/tab.js  (0ms)  (pid 9300)
Compiled bootstrap/transition.js  (0ms)  (pid 9300)
Compiled bootstrap/scrollspy.js  (0ms)  (pid 9300)
Compiled bootstrap/modal.js  (0ms)  (pid 9300)
Compiled bootstrap/tooltip.js  (0ms)  (pid 9300)
Compiled bootstrap/popover.js  (0ms)  (pid 9300)
Compiled bootstrap.js  (222ms)  (pid 9300)
Compiled libs/basics.js  (287ms)  (pid 9300)
Compiled libs/libs.js  (300ms)  (pid 9300)
Compiled admin.js  (216ms)  (pid 9300)
Compiled flatui-checkbox.js  (0ms)  (pid 9300)
Compiled flatui-radio.js  (0ms)  (pid 9300)
Compiled home.js  (302ms)  (pid 9300)
Compiled html5shiv.js  (0ms)  (pid 9300)
Compiled individual.js  (274ms)  (pid 9300)
Compiled individual_types.js  (164ms)  (pid 9300)
Compiled modernizr.custom.79639.js  (1ms)  (pid 9300)
Compiled retina.js  (0ms)  (pid 9300)
Compiled setlanguage.js  (213ms)  (pid 9300)
Compiled traductions.js  (222ms)  (pid 9300)
Compiled application.js  (3855ms)  (pid 9300)
Compiled bootstrap.css  (3234ms)  (pid 9300)
Compiled admin.css  (5ms)  (pid 9300)
Compiled bootstrap_extend.css  (32ms)  (pid 9300)
Compiled flat-ui.css  (1ms)  (pid 9300)
Compiled gmaps4rails.css  (0ms)  (pid 9300)
Compiled home.css  (3ms)  (pid 9300)
Compiled individual.css  (6ms)  (pid 9300)
Compiled individual_types.css  (4ms)  (pid 9300)
Compiled layout.css  (3ms)  (pid 9300)
Compiled main.css  (0ms)  (pid 9300)
Compiled media-slideshow.css  (0ms)  (pid 9300)
Compiled pricing-table-global.css  (1ms)  (pid 9300)
Compiled revolution.css  (0ms)  (pid 9300)
Compiled setlanguage.css  (3ms)  (pid 9300)
Compiled traductions.css  (2ms)  (pid 9300)
Compiled application.css  (3406ms)  (pid 9300)
Compiled gmaps4rails/gmaps4rails.base.js  (362ms)  (pid 9300)
Compiled gmaps4rails/gmaps4rails.bing.js  (268ms)  (pid 9300)
Compiled gmaps4rails/gmaps4rails.googlemaps.js  (278ms)  (pid 9300)
Compiled gmaps4rails/gmaps4rails.mapquest.js  (250ms)  (pid 9300)
Compiled gmaps4rails/gmaps4rails.openlayers.js  (273ms)  (pid 9300)
Compiled jquery.js  (3ms)  (pid 9300)
Compiled jquery_ujs.js  (0ms)  (pid 9300)
Compiled bootstrap/affix.js  (0ms)  (pid 9300)
Compiled bootstrap/alert.js  (0ms)  (pid 9300)
Compiled bootstrap/button.js  (0ms)  (pid 9300)
Compiled bootstrap/carousel.js  (0ms)  (pid 9300)
Compiled bootstrap/collapse.js  (0ms)  (pid 9300)
Compiled bootstrap/dropdown.js  (0ms)  (pid 9300)
Compiled bootstrap/tab.js  (0ms)  (pid 9300)
Compiled bootstrap/transition.js  (0ms)  (pid 9300)
Compiled bootstrap/scrollspy.js  (0ms)  (pid 9300)
Compiled bootstrap/modal.js  (0ms)  (pid 9300)
Compiled bootstrap/tooltip.js  (0ms)  (pid 9300)
Compiled bootstrap/popover.js  (0ms)  (pid 9300)
Compiled bootstrap.js  (80ms)  (pid 9300)
Compiled libs/basics.js  (146ms)  (pid 9300)
Compiled libs/libs.js  (153ms)  (pid 9300)
Compiled admin.js  (169ms)  (pid 9300)
Compiled flatui-checkbox.js  (0ms)  (pid 9300)
Compiled flatui-radio.js  (0ms)  (pid 9300)
Compiled home.js  (231ms)  (pid 9300)
Compiled html5shiv.js  (0ms)  (pid 9300)
Compiled individual.js  (215ms)  (pid 9300)
Compiled individual_types.js  (169ms)  (pid 9300)
Compiled modernizr.custom.79639.js  (0ms)  (pid 9300)
Compiled retina.js  (0ms)  (pid 9300)
Compiled setlanguage.js  (170ms)  (pid 9300)
Compiled traductions.js  (179ms)  (pid 9300)
Compiled application.js  (2872ms)  (pid 9300)
Compiled bootstrap.css  (3455ms)  (pid 9300)
Compiled admin.css  (35ms)  (pid 9300)
Compiled bootstrap_extend.css  (2ms)  (pid 9300)
Compiled flat-ui.css  (0ms)  (pid 9300)
Compiled gmaps4rails.css  (0ms)  (pid 9300)
Compiled home.css  (2ms)  (pid 9300)
Compiled individual.css  (4ms)  (pid 9300)
Compiled individual_types.css  (3ms)  (pid 9300)
Compiled layout.css  (3ms)  (pid 9300)
Compiled main.css  (0ms)  (pid 9300)
Compiled media-slideshow.css  (0ms)  (pid 9300)
Compiled pricing-table-global.css  (0ms)  (pid 9300)
Compiled revolution.css  (0ms)  (pid 9300)
Compiled setlanguage.css  (2ms)  (pid 9300)
Compiled traductions.css  (2ms)  (pid 9300)
Compiled application.css  (3607ms)  (pid 9300)
